3.0428 	WARNING 	sounddevice audio lib was requested but not loaded: sounddevice not working
10.7815 	WARNING 	User requested fullscreen with size [1024  768], but screen is actually [1440, 900]. Using actual size
11.7124 	EXP 	Created window1 = Window(allowGUI=True, allowStencil=False, args=UNKNOWN, autoLog=True, bitsMode=UNKNOWN, blendMode='avg', color=array([0., 0., 0.]), colorSpace='rgb', fullscr=<method-wrapper '__getattribute__' of attributeSetter object at 0x129b7ee48>, gamma=None, kwargs=UNKNOWN, lms=UNKNOWN, monitor=<psychopy.monitors.calibTools.Monitor object at 0x12b968320>, multiSample=False, name='window1', numSamples=2, pos=[0.0, 0.0], screen=0, size=array([2880, 1800]), stereo=False, units='norm', useFBO=True, useRetina=True, viewOri=0.0, viewPos=None, viewScale=None, waitBlanking=True, winType='pyglet')
11.7125 	EXP 	window1: recordFrameIntervals = False
11.8755 	EXP 	window1: recordFrameIntervals = True
12.0600 	EXP 	window1: recordFrameIntervals = False
12.2372 	EXP 	Created instructions = TextStim(__class__=<class 'psychopy.visual.text.TextStim'>, alignHoriz='center', alignVert='center', antialias=True, autoLog=True, bold=False, color='white', colorSpace='named', contrast=1.0, depth=0.0, flipHoriz=False, flipVert=False, font='Arial', fontFiles=[], height=0.1, italic=False, languageStyle='LTR', name='instructions', opacity=1.0, ori=0, pos=array([0., 0.]), rgb=array([255., 255., 255.]), text=str(...), units='norm', win=Window(...), wrapWidth=1)
14.4252 	EXP 	Set  sound=C
14.4592 	EXP 	Set  sound=prac.wav
14.4592 	EXP 	Sound  set volume 1.000
14.5545 	EXP 	Created rating = RatingScale(__class__=type(...), acceptKeys=['return'], acceptPreText=UNKNOWN, acceptSize=UNKNOWN, acceptText='accept?', autoLog=True, choices=False, depth=0, disappear=False, flipVert=False, high=1, kwargs=UNKNOWN, labels=list(...), leftKeys=['left'], lineColor='White', low=0, marker=ShapeStim(...), markerColor='DarkBlue', markerExpansion=UNKNOWN, markerStart=None, maxTime=0.0, minTime=0.4, mouseOnly=False, name='rating', noMouse=False, pos=[0.0, -0.4], precision=100, respKeys=['0', '1'], rightKeys=['right'], scale=str(...), self=UNKNOWN, showAccept=True, showValue=False, singleClick=False, size=0.6, skipKeys=['tab'], stretch=1.0, textColor='LightGray', textFont='Helvetica Bold', textSize=0.12, tickHeight=1.0, tickMarks=1.0, win=Window(...))
14.5834 	EXP 	Created arousalrating = RatingScale(__class__=type(...), acceptKeys=['return'], acceptPreText=UNKNOWN, acceptSize=UNKNOWN, acceptText='accept?', autoLog=True, choices=False, depth=0, disappear=False, flipVert=False, high=1, kwargs=UNKNOWN, labels=list(...), leftKeys=['left'], lineColor='White', low=0, marker=ShapeStim(...), markerColor='DarkBlue', markerExpansion=UNKNOWN, markerStart=None, maxTime=0.0, minTime=0.4, mouseOnly=False, name='arousalrating', noMouse=False, pos=[0.0, -0.4], precision=100, respKeys=['0', '1'], rightKeys=['right'], scale=str(...), self=UNKNOWN, showAccept=True, showValue=False, singleClick=False, size=0.6, skipKeys=['tab'], stretch=1.0, textColor='LightGray', textFont='Helvetica Bold', textSize=0.12, tickHeight=1.0, tickMarks=1.0, win=Window(...))
14.6094 	EXP 	Created text = TextStim(__class__=<class 'psychopy.visual.text.TextStim'>, alignHoriz='center', alignVert='center', antialias=True, autoLog=True, bold=False, color='white', colorSpace='named', contrast=1.0, depth=0.0, flipHoriz=False, flipVert=False, font='Arial', fontFiles=[], height=0.1, italic=False, languageStyle='LTR', name='text', opacity=1.0, ori=0, pos=array([0., 0.]), rgb=array([255., 255., 255.]), text=str(...), units='norm', win=Window(...), wrapWidth=1)
14.6401 	EXP 	Set  sound=A
14.6401 	EXP 	Sound  set volume 1.000
14.6688 	EXP 	Created rating = RatingScale(__class__=type(...), acceptKeys=['return'], acceptPreText=UNKNOWN, acceptSize=UNKNOWN, acceptText='accept?', autoLog=True, choices=False, depth=0, disappear=False, flipVert=False, high=1, kwargs=UNKNOWN, labels=list(...), leftKeys=['left'], lineColor='White', low=0, marker=ShapeStim(...), markerColor='DarkBlue', markerExpansion=UNKNOWN, markerStart=None, maxTime=0.0, minTime=0.4, mouseOnly=False, name='rating', noMouse=False, pos=[0.0, -0.4], precision=100, respKeys=['0', '1'], rightKeys=['right'], scale=str(...), self=UNKNOWN, showAccept=True, showValue=False, singleClick=False, size=0.6, skipKeys=['tab'], stretch=1.0, textColor='LightGray', textFont='Helvetica Bold', textSize=0.12, tickHeight=1.0, tickMarks=1.0, win=Window(...))
14.6949 	EXP 	Created arousalrating = RatingScale(__class__=type(...), acceptKeys=['return'], acceptPreText=UNKNOWN, acceptSize=UNKNOWN, acceptText='accept?', autoLog=True, choices=False, depth=0, disappear=False, flipVert=False, high=1, kwargs=UNKNOWN, labels=list(...), leftKeys=['left'], lineColor='White', low=0, marker=ShapeStim(...), markerColor='DarkBlue', markerExpansion=UNKNOWN, markerStart=None, maxTime=0.0, minTime=0.4, mouseOnly=False, name='arousalrating', noMouse=False, pos=[0.0, -0.4], precision=100, respKeys=['0', '1'], rightKeys=['right'], scale=str(...), self=UNKNOWN, showAccept=True, showValue=False, singleClick=False, size=0.6, skipKeys=['tab'], stretch=1.0, textColor='LightGray', textFont='Helvetica Bold', textSize=0.12, tickHeight=1.0, tickMarks=1.0, win=Window(...))
14.7133 	EXP 	Created MusicEnd = TextStim(__class__=<class 'psychopy.visual.text.TextStim'>, alignHoriz='center', alignVert='center', antialias=True, autoLog=True, bold=False, color='white', colorSpace='named', contrast=1.0, depth=0.0, flipHoriz=False, flipVert=False, font='Arial', fontFiles=[], height=0.1, italic=False, languageStyle='LTR', name='MusicEnd', opacity=1.0, ori=0, pos=array([0., 0.]), rgb=array([255., 255., 255.]), text=str(...), units='norm', win=Window(...), wrapWidth=1)
14.7417 	EXP 	rating: flipVert = False
14.7417 	EXP 	rating: autoLog = True
14.7417 	EXP 	arousalrating: flipVert = False
14.7417 	EXP 	arousalrating: autoLog = True
14.7417 	EXP 	rating: flipVert = False
14.7417 	EXP 	rating: autoLog = True
14.7417 	EXP 	arousalrating: flipVert = False
14.7417 	EXP 	arousalrating: autoLog = True
14.7417 	EXP 	instructions: autoDraw = True
16.6253 	DATA 	Keypress: space
16.6505 	EXP 	Set  sound=prac.wav
16.6593 	EXP 	Sound  started
16.6584 	EXP 	instructions: autoDraw = False
46.6615 	EXP 	Sound  stopped
46.6626 	EXP 	RatingScale rating: reset()
46.6927 	EXP 	rating: autoDraw = True
49.2447 	DATA 	Mouse: Left button down, pos=(794,274)
49.2721 	DATA 	Mouse:  Left button up, pos=(794,274)
49.9325 	DATA 	Mouse: Left button down, pos=(673,155)
49.9333 	DATA 	Mouse:  Left button up, pos=(673,155)
51.7153 	DATA 	Mouse: Left button down, pos=(674,166)
51.7184 	DATA 	RatingScale rating: (mouse response) rating=0.67
51.7184 	DATA 	RatingScale rating: rating RT=5.055
51.7184 	DATA 	RatingScale rating: history=[(None, 0.0), (0.67, 2.586), (0.67, 5.055)]
51.7345 	EXP 	RatingScale arousalrating: reset()
51.7525 	EXP 	rating: autoDraw = False
51.7525 	EXP 	arousalrating: autoDraw = True
51.7832 	DATA 	Mouse:  Left button up, pos=(674,166)
52.7322 	DATA 	Mouse: Left button down, pos=(620,273)
52.7491 	DATA 	Mouse:  Left button up, pos=(620,273)
53.3658 	DATA 	Mouse: Left button down, pos=(661,160)
53.3688 	DATA 	RatingScale arousalrating: (mouse response) rating=0.27
53.3688 	DATA 	RatingScale arousalrating: rating RT=1.634
53.3689 	DATA 	RatingScale arousalrating: history=[(None, 0.0), (0.27, 1.0), (0.27, 1.634)]
53.3984 	EXP 	arousalrating: autoDraw = False
53.3984 	EXP 	text: autoDraw = True
53.4156 	DATA 	Mouse:  Left button up, pos=(661,160)
54.7047 	DATA 	Mouse: Left button down, pos=(661,160)
54.7696 	DATA 	Mouse:  Left button up, pos=(661,160)
55.7389 	DATA 	Keypress: space
55.7733 	EXP 	Imported Music.xlsx as conditions, 16 conditions, 3 params
55.7749 	EXP 	Created sequence: random, trialTypes=16, nReps=1, seed=None
55.7755 	EXP 	New trial (rep=0, index=0): OrderedDict([('song', '30MonoWAV/30MonoH2.wav'), ('valence', 2), ('arousal', 2)])
55.8082 	EXP 	Set  sound=30MonoWAV/30MonoH2.wav
55.8193 	EXP 	Sound  started
55.8188 	EXP 	text: autoDraw = False
85.8273 	EXP 	Sound  stopped
85.8326 	EXP 	RatingScale rating: reset()
85.8424 	EXP 	rating: autoDraw = True
88.5112 	DATA 	Mouse: Left button down, pos=(795,269)
88.5621 	DATA 	Mouse:  Left button up, pos=(795,269)
89.1615 	DATA 	Mouse: Left button down, pos=(753,181)
89.1652 	DATA 	RatingScale rating: (mouse response) rating=0.67
89.1653 	DATA 	RatingScale rating: rating RT=3.332
89.1653 	DATA 	RatingScale rating: history=[(None, 0.0), (0.67, 2.681), (0.67, 3.332)]
89.1832 	EXP 	RatingScale arousalrating: reset()
89.1932 	EXP 	rating: autoDraw = False
89.1932 	EXP 	arousalrating: autoDraw = True
89.1976 	DATA 	Mouse:  Left button up, pos=(753,181)
89.8154 	DATA 	Mouse: Left button down, pos=(638,280)
89.8829 	DATA 	Mouse:  Left button up, pos=(638,280)
90.7817 	DATA 	Mouse: Left button down, pos=(821,267)
90.8323 	DATA 	Mouse:  Left button up, pos=(821,267)
91.8153 	DATA 	Mouse: Left button down, pos=(764,174)
91.8187 	DATA 	RatingScale arousalrating: (mouse response) rating=0.73
91.8187 	DATA 	RatingScale arousalrating: rating RT=2.635
91.8188 	DATA 	RatingScale arousalrating: history=[(None, 0.0), (0.31, 0.634), (0.73, 1.601), (0.73, 2.635)]
91.8326 	EXP 	New trial (rep=0, index=1): OrderedDict([('song', '30MonoWAV/30MonoS3.wav'), ('valence', 1), ('arousal', 1)])
91.8582 	EXP 	Set  sound=30MonoWAV/30MonoS3.wav
91.8670 	EXP 	Sound  started
91.8660 	EXP 	arousalrating: autoDraw = False
91.8679 	DATA 	Mouse:  Left button up, pos=(764,174)
121.8733 	EXP 	Sound  stopped
121.8789 	EXP 	RatingScale rating: reset()
121.8890 	EXP 	rating: autoDraw = True
124.0240 	DATA 	Mouse: Left button down, pos=(635,273)
124.0595 	DATA 	Mouse:  Left button up, pos=(635,273)
124.6944 	DATA 	Mouse: Left button down, pos=(686,160)
124.6974 	DATA 	RatingScale rating: (mouse response) rating=0.3
124.6974 	DATA 	RatingScale rating: rating RT=2.818
124.6974 	DATA 	RatingScale rating: history=[(None, 0.0), (0.3, 2.147), (0.3, 2.818)]
124.7109 	DATA 	Mouse:  Left button up, pos=(686,160)
124.7168 	EXP 	RatingScale arousalrating: reset()
124.7265 	EXP 	rating: autoDraw = False
124.7265 	EXP 	arousalrating: autoDraw = True
125.3772 	DATA 	Mouse: Left button down, pos=(610,276)
125.4270 	DATA 	Mouse:  Left button up, pos=(610,276)
125.9607 	DATA 	Mouse: Left button down, pos=(717,161)
125.9654 	DATA 	RatingScale arousalrating: (mouse response) rating=0.25
125.9654 	DATA 	RatingScale arousalrating: rating RT=1.248
125.9655 	DATA 	RatingScale arousalrating: history=[(None, 0.0), (0.25, 0.662), (0.25, 1.248)]
125.9782 	EXP 	New trial (rep=0, index=2): OrderedDict([('song', '30MonoWAV/30MonoH3.wav'), ('valence', 2), ('arousal', 2)])
126.0026 	EXP 	Set  sound=30MonoWAV/30MonoH3.wav
126.0107 	EXP 	Sound  started
126.0099 	EXP 	arousalrating: autoDraw = False
126.0118 	DATA 	Mouse:  Left button up, pos=(717,161)
156.0180 	EXP 	Sound  stopped
156.0232 	EXP 	RatingScale rating: reset()
156.0337 	EXP 	rating: autoDraw = True
158.3184 	DATA 	Mouse: Left button down, pos=(787,276)
158.3683 	DATA 	Mouse:  Left button up, pos=(787,276)
159.2775 	DATA 	Mouse: Left button down, pos=(748,172)
159.2808 	DATA 	RatingScale rating: (mouse response) rating=0.66
159.2808 	DATA 	RatingScale rating: rating RT=3.257
159.2808 	DATA 	RatingScale rating: history=[(None, 0.0), (0.66, 2.297), (0.66, 3.257)]
159.2996 	EXP 	RatingScale arousalrating: reset()
159.3100 	EXP 	rating: autoDraw = False
159.3100 	EXP 	arousalrating: autoDraw = True
159.3111 	DATA 	Mouse:  Left button up, pos=(748,172)
161.6916 	DATA 	Mouse: Left button down, pos=(796,273)
161.7562 	DATA 	Mouse:  Left button up, pos=(796,273)
163.2058 	DATA 	Mouse: Left button down, pos=(736,152)
163.2092 	DATA 	RatingScale arousalrating: (mouse response) rating=0.68
163.2092 	DATA 	RatingScale arousalrating: rating RT=3.909
163.2092 	DATA 	RatingScale arousalrating: history=[(None, 0.0), (0.68, 2.392), (0.68, 3.909)]
163.2229 	EXP 	New trial (rep=0, index=3): OrderedDict([('song', '30MonoWAV/30MonoT2.wav'), ('valence', 2), ('arousal', 1)])
163.2495 	EXP 	Set  sound=30MonoWAV/30MonoT2.wav
163.2505 	DATA 	Mouse:  Left button up, pos=(735,153)
163.2587 	EXP 	Sound  started
163.2581 	EXP 	arousalrating: autoDraw = False
193.2635 	EXP 	Sound  stopped
193.2687 	EXP 	RatingScale rating: reset()
193.2784 	EXP 	rating: autoDraw = True
195.2851 	DATA 	Mouse: Left button down, pos=(832,264)
195.3180 	DATA 	Mouse:  Left button up, pos=(832,264)
196.3352 	DATA 	Mouse: Left button down, pos=(693,171)
196.3382 	DATA 	RatingScale rating: (mouse response) rating=0.76
196.3382 	DATA 	RatingScale rating: rating RT=3.069
196.3382 	DATA 	RatingScale rating: history=[(None, 0.0), (0.76, 2.018), (0.76, 3.069)]
196.3568 	EXP 	RatingScale arousalrating: reset()
196.3675 	EXP 	rating: autoDraw = False
196.3675 	EXP 	arousalrating: autoDraw = True
196.3687 	DATA 	Mouse:  Left button up, pos=(693,171)
197.2685 	DATA 	Mouse: Left button down, pos=(564,277)
197.3357 	DATA 	Mouse:  Left button up, pos=(564,277)
198.0512 	DATA 	Mouse: Left button down, pos=(668,170)
198.0544 	DATA 	RatingScale arousalrating: (mouse response) rating=0.14
198.0544 	DATA 	RatingScale arousalrating: rating RT=1.697
198.0544 	DATA 	RatingScale arousalrating: history=[(None, 0.0), (0.14, 0.912), (0.14, 1.697)]
198.0688 	EXP 	New trial (rep=0, index=4): OrderedDict([('song', '30MonoWAV/30MonoF1.wav'), ('valence', 1), ('arousal', 2)])
198.0922 	EXP 	Set  sound=30MonoWAV/30MonoF1.wav
198.1004 	EXP 	Sound  started
198.0996 	EXP 	arousalrating: autoDraw = False
198.1352 	DATA 	Mouse:  Left button up, pos=(668,170)
228.1094 	EXP 	Sound  stopped
228.1146 	EXP 	RatingScale rating: reset()
228.1245 	EXP 	rating: autoDraw = True
232.6796 	DATA 	Mouse: Left button down, pos=(619,274)
232.7464 	DATA 	Mouse:  Left button up, pos=(619,275)
233.2299 	DATA 	Mouse: Left button down, pos=(676,158)
233.2335 	DATA 	RatingScale rating: (mouse response) rating=0.27
233.2335 	DATA 	RatingScale rating: rating RT=5.118
233.2335 	DATA 	RatingScale rating: history=[(None, 0.0), (0.27, 4.567), (0.27, 5.118)]
233.2527 	EXP 	RatingScale arousalrating: reset()
233.2538 	DATA 	Mouse:  Left button up, pos=(677,162)
233.2639 	EXP 	rating: autoDraw = False
233.2639 	EXP 	arousalrating: autoDraw = True
234.2635 	DATA 	Mouse: Left button down, pos=(806,280)
234.3295 	DATA 	Mouse:  Left button up, pos=(808,284)
234.9512 	DATA 	Mouse: Left button down, pos=(746,159)
234.9543 	DATA 	RatingScale arousalrating: (mouse response) rating=0.7
234.9543 	DATA 	RatingScale arousalrating: rating RT=1.700
234.9543 	DATA 	RatingScale arousalrating: history=[(None, 0.0), (0.7, 1.012), (0.7, 1.7)]
234.9678 	EXP 	New trial (rep=0, index=5): OrderedDict([('song', '30MonoWAV/30MonoH4.wav'), ('valence', 2), ('arousal', 2)])
234.9935 	EXP 	Set  sound=30MonoWAV/30MonoH4.wav
234.9942 	DATA 	Mouse:  Left button up, pos=(746,159)
235.0021 	EXP 	Sound  started
235.0015 	EXP 	arousalrating: autoDraw = False
265.0085 	EXP 	Sound  stopped
265.0144 	EXP 	RatingScale rating: reset()
265.0244 	EXP 	rating: autoDraw = True
267.7244 	DATA 	Mouse: Left button down, pos=(804,264)
267.7477 	DATA 	Mouse:  Left button up, pos=(804,264)
268.7419 	DATA 	Mouse: Left button down, pos=(770,180)
268.7451 	DATA 	RatingScale rating: (mouse response) rating=0.69
268.7451 	DATA 	RatingScale rating: rating RT=3.730
268.7451 	DATA 	RatingScale rating: history=[(None, 0.0), (0.69, 2.711), (0.69, 3.73)]
268.7639 	EXP 	RatingScale arousalrating: reset()
268.7736 	EXP 	rating: autoDraw = False
268.7736 	EXP 	arousalrating: autoDraw = True
268.7916 	DATA 	Mouse:  Left button up, pos=(770,180)
269.5965 	DATA 	Mouse: Left button down, pos=(807,273)
269.6299 	DATA 	Mouse:  Left button up, pos=(807,273)
270.3298 	DATA 	Mouse: Left button down, pos=(774,182)
270.3332 	DATA 	RatingScale arousalrating: (mouse response) rating=0.7
270.3332 	DATA 	RatingScale arousalrating: rating RT=1.569
270.3332 	DATA 	RatingScale arousalrating: history=[(None, 0.0), (0.7, 0.834), (0.7, 1.569)]
270.3459 	EXP 	New trial (rep=0, index=6): OrderedDict([('song', '30MonoWAV/30MonoT4.wav'), ('valence', 2), ('arousal', 1)])
270.3708 	EXP 	Set  sound=30MonoWAV/30MonoT4.wav
270.3792 	EXP 	Sound  started
270.3783 	EXP 	arousalrating: autoDraw = False
270.3960 	DATA 	Mouse:  Left button up, pos=(774,182)
300.3870 	EXP 	Sound  stopped
300.3933 	EXP 	RatingScale rating: reset()
300.4037 	EXP 	rating: autoDraw = True
302.4871 	DATA 	Mouse: Left button down, pos=(590,273)
302.5190 	DATA 	Mouse:  Left button up, pos=(590,273)
303.7035 	DATA 	Mouse: Left button down, pos=(697,171)
303.7065 	DATA 	RatingScale rating: (mouse response) rating=0.2
303.7065 	DATA 	RatingScale rating: rating RT=3.313
303.7065 	DATA 	RatingScale rating: history=[(None, 0.0), (0.2, 2.096), (0.2, 3.313)]
303.7255 	EXP 	RatingScale arousalrating: reset()
303.7350 	EXP 	rating: autoDraw = False
303.7350 	EXP 	arousalrating: autoDraw = True
303.7897 	DATA 	Mouse:  Left button up, pos=(697,171)
305.2245 	DATA 	Mouse: Left button down, pos=(642,270)
305.2753 	DATA 	Mouse:  Left button up, pos=(642,270)
305.9246 	DATA 	Mouse: Left button down, pos=(653,170)
305.9282 	DATA 	RatingScale arousalrating: (mouse response) rating=0.32
305.9282 	DATA 	RatingScale arousalrating: rating RT=2.202
305.9282 	DATA 	RatingScale arousalrating: history=[(None, 0.0), (0.32, 1.501), (0.32, 2.202)]
305.9426 	EXP 	New trial (rep=0, index=7): OrderedDict([('song', '30MonoWAV/30MonoS4.wav'), ('valence', 1), ('arousal', 1)])
305.9711 	EXP 	Set  sound=30MonoWAV/30MonoS4.wav
305.9913 	EXP 	Sound  started
305.9909 	EXP 	arousalrating: autoDraw = False
305.9921 	DATA 	Mouse:  Left button up, pos=(653,170)
335.9992 	EXP 	Sound  stopped
336.0068 	EXP 	RatingScale rating: reset()
336.0230 	EXP 	rating: autoDraw = True
338.9329 	DATA 	Mouse: Left button down, pos=(611,274)
338.9690 	DATA 	Mouse:  Left button up, pos=(611,274)
339.5201 	DATA 	Mouse: Left button down, pos=(644,185)
339.5235 	DATA 	RatingScale rating: (mouse response) rating=0.25
339.5235 	DATA 	RatingScale rating: rating RT=3.516
339.5235 	DATA 	RatingScale rating: history=[(None, 0.0), (0.25, 2.928), (0.25, 3.516)]
339.5431 	EXP 	RatingScale arousalrating: reset()
339.5534 	EXP 	rating: autoDraw = False
339.5534 	EXP 	arousalrating: autoDraw = True
339.5700 	DATA 	Mouse:  Left button up, pos=(644,184)
340.4198 	DATA 	Mouse: Left button down, pos=(627,273)
340.4867 	DATA 	Mouse:  Left button up, pos=(627,273)
341.1370 	DATA 	Mouse: Left button down, pos=(632,180)
341.1402 	DATA 	RatingScale arousalrating: (mouse response) rating=0.28
341.1402 	DATA 	RatingScale arousalrating: rating RT=1.596
341.1402 	DATA 	RatingScale arousalrating: history=[(None, 0.0), (0.28, 0.878), (0.28, 1.596)]
341.1541 	EXP 	New trial (rep=0, index=8): OrderedDict([('song', '30MonoWAV/30MonoF2.wav'), ('valence', 1), ('arousal', 2)])
341.1791 	EXP 	Set  sound=30MonoWAV/30MonoF2.wav
341.1876 	EXP 	Sound  started
341.1867 	EXP 	arousalrating: autoDraw = False
341.1886 	DATA 	Mouse:  Left button up, pos=(632,180)
371.1937 	EXP 	Sound  stopped
371.1991 	EXP 	RatingScale rating: reset()
371.2097 	EXP 	rating: autoDraw = True
374.2280 	DATA 	Mouse: Left button down, pos=(644,271)
374.2775 	DATA 	Mouse:  Left button up, pos=(644,272)
375.1989 	DATA 	Mouse: Left button down, pos=(691,154)
375.2020 	DATA 	RatingScale rating: (mouse response) rating=0.32
375.2020 	DATA 	RatingScale rating: rating RT=4.002
375.2020 	DATA 	RatingScale rating: history=[(None, 0.0), (0.32, 3.031), (0.32, 4.002)]
375.2204 	EXP 	RatingScale arousalrating: reset()
375.2305 	EXP 	rating: autoDraw = False
375.2305 	EXP 	arousalrating: autoDraw = True
375.2506 	DATA 	Mouse:  Left button up, pos=(691,154)
375.8992 	DATA 	Mouse: Left button down, pos=(820,278)
375.9488 	DATA 	Mouse:  Left button up, pos=(820,278)
376.6021 	DATA 	Mouse: Left button down, pos=(753,167)
376.6028 	DATA 	RatingScale arousalrating: (mouse response) rating=0.73
376.6028 	DATA 	RatingScale arousalrating: rating RT=1.382
376.6028 	DATA 	RatingScale arousalrating: history=[(None, 0.0), (0.73, 0.68), (0.73, 1.382)]
376.6154 	EXP 	New trial (rep=0, index=9): OrderedDict([('song', '30MonoWAV/30MonoS1.wav'), ('valence', 1), ('arousal', 1)])
376.6398 	EXP 	Set  sound=30MonoWAV/30MonoS1.wav
376.6479 	EXP 	Sound  started
376.6473 	EXP 	arousalrating: autoDraw = False
376.6817 	DATA 	Mouse:  Left button up, pos=(753,167)
406.6564 	EXP 	Sound  stopped
406.6618 	EXP 	RatingScale rating: reset()
406.6719 	EXP 	rating: autoDraw = True
409.0564 	DATA 	Mouse: Left button down, pos=(600,278)
409.0792 	DATA 	Mouse:  Left button up, pos=(600,278)
409.6634 	DATA 	Mouse: Left button down, pos=(655,155)
409.6641 	DATA 	RatingScale rating: (mouse response) rating=0.22
409.6641 	DATA 	RatingScale rating: rating RT=3.002
409.6641 	DATA 	RatingScale rating: history=[(None, 0.0), (0.22, 2.396), (0.22, 3.002)]
409.6819 	EXP 	RatingScale arousalrating: reset()
409.6919 	EXP 	rating: autoDraw = False
409.6919 	EXP 	arousalrating: autoDraw = True
409.6931 	DATA 	Mouse:  Left button up, pos=(655,155)
410.3936 	DATA 	Mouse: Left button down, pos=(615,277)
410.4283 	DATA 	Mouse:  Left button up, pos=(615,277)
410.9443 	DATA 	Mouse: Left button down, pos=(651,166)
410.9476 	DATA 	RatingScale arousalrating: (mouse response) rating=0.26
410.9476 	DATA 	RatingScale arousalrating: rating RT=1.265
410.9476 	DATA 	RatingScale arousalrating: history=[(None, 0.0), (0.26, 0.714), (0.26, 1.265)]
410.9605 	EXP 	New trial (rep=0, index=10): OrderedDict([('song', '30MonoWAV/30MonoT3.wav'), ('valence', 2), ('arousal', 1)])
410.9847 	EXP 	Set  sound=30MonoWAV/30MonoT3.wav
410.9933 	EXP 	Sound  started
410.9926 	EXP 	arousalrating: autoDraw = False
411.0108 	DATA 	Mouse:  Left button up, pos=(651,167)
441.0011 	EXP 	Sound  stopped
441.0064 	EXP 	RatingScale rating: reset()
441.0161 	EXP 	rating: autoDraw = True
443.9023 	DATA 	Mouse: Left button down, pos=(757,283)
443.9548 	DATA 	Mouse:  Left button up, pos=(757,283)
444.6225 	DATA 	Mouse: Left button down, pos=(734,169)
444.6257 	DATA 	RatingScale rating: (mouse response) rating=0.59
444.6257 	DATA 	RatingScale rating: rating RT=3.619
444.6257 	DATA 	RatingScale rating: history=[(None, 0.0), (0.59, 2.897), (0.59, 3.619)]
444.6395 	DATA 	Mouse:  Left button up, pos=(734,169)
444.6448 	EXP 	RatingScale arousalrating: reset()
444.6548 	EXP 	rating: autoDraw = False
444.6548 	EXP 	arousalrating: autoDraw = True
446.3887 	DATA 	Mouse: Left button down, pos=(607,276)
446.4749 	DATA 	Mouse:  Left button up, pos=(607,276)
446.9396 	DATA 	Mouse: Left button down, pos=(663,155)
446.9428 	DATA 	RatingScale arousalrating: (mouse response) rating=0.24
446.9428 	DATA 	RatingScale arousalrating: rating RT=2.298
446.9428 	DATA 	RatingScale arousalrating: history=[(None, 0.0), (0.24, 1.746), (0.24, 2.298)]
446.9556 	EXP 	New trial (rep=0, index=11): OrderedDict([('song', '30MonoWAV/30MonoT1.wav'), ('valence', 2), ('arousal', 1)])
446.9807 	EXP 	Set  sound=30MonoWAV/30MonoT1.wav
446.9814 	DATA 	Mouse:  Left button up, pos=(663,155)
446.9894 	EXP 	Sound  started
446.9887 	EXP 	arousalrating: autoDraw = False
476.9961 	EXP 	Sound  stopped
477.0013 	EXP 	RatingScale rating: reset()
477.0110 	EXP 	rating: autoDraw = True
478.4639 	DATA 	Mouse: wheel shift=(0,0), pos=(663,155)
478.4693 	DATA 	Mouse: wheel shift=(0,0), pos=(663,155)
479.6677 	DATA 	Mouse: Left button down, pos=(804,268)
479.7347 	DATA 	Mouse:  Left button up, pos=(804,268)
480.5342 	DATA 	Mouse: Left button down, pos=(750,168)
480.5381 	DATA 	RatingScale rating: (mouse response) rating=0.69
480.5381 	DATA 	RatingScale rating: rating RT=3.536
480.5381 	DATA 	RatingScale rating: history=[(None, 0.0), (0.69, 2.668), (0.69, 3.536)]
480.5392 	DATA 	Mouse:  Left button up, pos=(750,168)
480.5561 	EXP 	RatingScale arousalrating: reset()
480.5658 	EXP 	rating: autoDraw = False
480.5658 	EXP 	arousalrating: autoDraw = True
481.4172 	DATA 	Mouse: Left button down, pos=(657,276)
481.4404 	DATA 	Mouse:  Left button up, pos=(657,276)
482.4678 	DATA 	Mouse: Left button down, pos=(681,149)
482.4709 	DATA 	RatingScale arousalrating: (mouse response) rating=0.35
482.4709 	DATA 	RatingScale arousalrating: rating RT=1.914
482.4710 	DATA 	RatingScale arousalrating: history=[(None, 0.0), (0.35, 0.863), (0.35, 1.914)]
482.4843 	EXP 	New trial (rep=0, index=12): OrderedDict([('song', '30MonoWAV/30MonoS2.wav'), ('valence', 1), ('arousal', 1)])
482.5102 	EXP 	Set  sound=30MonoWAV/30MonoS2.wav
482.5109 	DATA 	Mouse:  Left button up, pos=(681,149)
482.5189 	EXP 	Sound  started
482.5182 	EXP 	arousalrating: autoDraw = False
512.5259 	EXP 	Sound  stopped
512.5311 	EXP 	RatingScale rating: reset()
512.5411 	EXP 	rating: autoDraw = True
514.9461 	DATA 	Mouse: Left button down, pos=(637,272)
514.9796 	DATA 	Mouse:  Left button up, pos=(637,272)
515.5291 	DATA 	Mouse: Left button down, pos=(661,172)
515.5319 	DATA 	RatingScale rating: (mouse response) rating=0.31
515.5319 	DATA 	RatingScale rating: rating RT=3.000
515.5319 	DATA 	RatingScale rating: history=[(None, 0.0), (0.31, 2.417), (0.31, 3.0)]
515.5512 	EXP 	RatingScale arousalrating: reset()
515.5610 	EXP 	rating: autoDraw = False
515.5610 	EXP 	arousalrating: autoDraw = True
515.5621 	DATA 	Mouse:  Left button up, pos=(661,172)
517.0626 	DATA 	Mouse: Left button down, pos=(631,271)
517.0796 	DATA 	Mouse:  Left button up, pos=(631,271)
517.6465 	DATA 	Mouse: Left button down, pos=(665,162)
517.6495 	DATA 	RatingScale arousalrating: (mouse response) rating=0.29
517.6495 	DATA 	RatingScale arousalrating: rating RT=2.098
517.6496 	DATA 	RatingScale arousalrating: history=[(None, 0.0), (0.29, 1.513), (0.29, 2.098)]
517.6632 	EXP 	New trial (rep=0, index=13): OrderedDict([('song', '30MonoWAV/30MonoH1.wav'), ('valence', 2), ('arousal', 2)])
517.6866 	EXP 	Set  sound=30MonoWAV/30MonoH1.wav
517.6874 	DATA 	Mouse:  Left button up, pos=(665,162)
517.6953 	EXP 	Sound  started
517.6947 	EXP 	arousalrating: autoDraw = False
547.7035 	EXP 	Sound  stopped
547.7090 	EXP 	RatingScale rating: reset()
547.7194 	EXP 	rating: autoDraw = True
549.8082 	DATA 	Mouse: Left button down, pos=(778,277)
549.8587 	DATA 	Mouse:  Left button up, pos=(778,277)
550.2921 	DATA 	Mouse: Left button down, pos=(752,184)
550.2952 	DATA 	RatingScale rating: (mouse response) rating=0.63
550.2952 	DATA 	RatingScale rating: rating RT=2.586
550.2953 	DATA 	RatingScale rating: history=[(None, 0.0), (0.63, 2.101), (0.63, 2.586)]
550.3137 	EXP 	RatingScale arousalrating: reset()
550.3236 	EXP 	rating: autoDraw = False
550.3236 	EXP 	arousalrating: autoDraw = True
550.3249 	DATA 	Mouse:  Left button up, pos=(752,184)
550.8750 	DATA 	Mouse: Left button down, pos=(799,267)
550.9255 	DATA 	Mouse:  Left button up, pos=(799,267)
551.5246 	DATA 	Mouse: Left button down, pos=(778,178)
551.5275 	DATA 	RatingScale arousalrating: (mouse response) rating=0.68
551.5276 	DATA 	RatingScale arousalrating: rating RT=1.213
551.5276 	DATA 	RatingScale arousalrating: history=[(None, 0.0), (0.68, 0.563), (0.68, 1.213)]
551.5418 	EXP 	New trial (rep=0, index=14): OrderedDict([('song', '30MonoWAV/30MonoF3.wav'), ('valence', 1), ('arousal', 2)])
551.5668 	EXP 	Set  sound=30MonoWAV/30MonoF3.wav
551.5752 	EXP 	Sound  started
551.5743 	EXP 	arousalrating: autoDraw = False
551.5761 	DATA 	Mouse:  Left button up, pos=(778,178)
581.5828 	EXP 	Sound  stopped
581.5880 	EXP 	RatingScale rating: reset()
581.5979 	EXP 	rating: autoDraw = True
584.1182 	DATA 	Mouse: Left button down, pos=(619,274)
584.1826 	DATA 	Mouse:  Left button up, pos=(619,274)
584.7000 	DATA 	Mouse: Left button down, pos=(663,170)
584.7035 	DATA 	RatingScale rating: (mouse response) rating=0.27
584.7035 	DATA 	RatingScale rating: rating RT=3.115
584.7035 	DATA 	RatingScale rating: history=[(None, 0.0), (0.27, 2.53), (0.27, 3.115)]
584.7265 	EXP 	RatingScale arousalrating: reset()
584.7368 	EXP 	rating: autoDraw = False
584.7368 	EXP 	arousalrating: autoDraw = True
584.7382 	DATA 	Mouse:  Left button up, pos=(663,170)
585.7208 	DATA 	Mouse: Left button down, pos=(790,269)
585.7708 	DATA 	Mouse:  Left button up, pos=(790,269)
586.4032 	DATA 	Mouse: Left button down, pos=(745,156)
586.4063 	DATA 	RatingScale arousalrating: (mouse response) rating=0.66
586.4063 	DATA 	RatingScale arousalrating: rating RT=1.679
586.4063 	DATA 	RatingScale arousalrating: history=[(None, 0.0), (0.66, 0.996), (0.66, 1.679)]
586.4211 	EXP 	New trial (rep=0, index=15): OrderedDict([('song', '30MonoWAV/30MonoF4.wav'), ('valence', 1), ('arousal', 2)])
586.4465 	EXP 	Set  sound=30MonoWAV/30MonoF4.wav
586.4549 	EXP 	Sound  started
586.4540 	EXP 	arousalrating: autoDraw = False
586.4708 	DATA 	Mouse:  Left button up, pos=(745,156)
616.4613 	EXP 	Sound  stopped
616.4667 	EXP 	RatingScale rating: reset()
616.4776 	EXP 	rating: autoDraw = True
633.2402 	DATA 	Mouse: Left button down, pos=(644,273)
633.2929 	DATA 	Mouse:  Left button up, pos=(644,273)
633.9070 	DATA 	Mouse: Left button down, pos=(705,177)
633.9105 	DATA 	RatingScale rating: (mouse response) rating=0.32
633.9105 	DATA 	RatingScale rating: rating RT=17.443
633.9105 	DATA 	RatingScale rating: history=[(None, 0.0), (0.32, 16.775), (0.32, 17.443)]
633.9293 	EXP 	RatingScale arousalrating: reset()
633.9323 	DATA 	Mouse:  Left button up, pos=(705,177)
633.9398 	EXP 	rating: autoDraw = False
633.9398 	EXP 	arousalrating: autoDraw = True
634.5401 	DATA 	Mouse: Left button down, pos=(771,271)
634.6231 	DATA 	Mouse:  Left button up, pos=(771,271)
635.1610 	DATA 	Mouse: Left button down, pos=(756,145)
635.1643 	DATA 	RatingScale arousalrating: (mouse response) rating=0.62
635.1643 	DATA 	RatingScale arousalrating: rating RT=1.235
635.1643 	DATA 	RatingScale arousalrating: history=[(None, 0.0), (0.62, 0.612), (0.62, 1.235)]
635.1940 	EXP 	arousalrating: autoDraw = False
635.1940 	EXP 	MusicEnd: autoDraw = True
635.2109 	DATA 	Mouse:  Left button up, pos=(756,145)
637.4121 	DATA 	Mouse: Left button down, pos=(757,202)
637.4783 	DATA 	Mouse:  Left button up, pos=(757,202)
638.3627 	DATA 	Keypress: space
638.6602 	EXP 	window1: mouseVisible = True
